2023-01-10T11:26:29.368Z
SyntaxError: You have a syntax error at "db.dbml" line 7 column 1. Expected Table Group, comment, end of input, enum, project, references, table, or whitespace but "E" found.
    at /usr/local/lib/node_modules/@dbml/cli/lib/cli/utils.js:55:13
    at Array.forEach (<anonymous>)
    at generate (/usr/local/lib/node_modules/@dbml/cli/lib/cli/utils.js:48:14)
    at exportHandler (/usr/local/lib/node_modules/@dbml/cli/lib/cli/export.js:41:27)
    at Object.dbml2sql (/usr/local/lib/node_modules/@dbml/cli/lib/cli/index.js:27:23)
    at Object.<anonymous> (/usr/local/lib/node_modules/@dbml/cli/bin/dbml2sql.js:4:19)
    at Module._compile (node:internal/modules/cjs/loader:1218:14)
    at Module._extensions..js (node:internal/modules/cjs/loader:1272:10)
    at Module.load (node:internal/modules/cjs/loader:1081:32)
    at Module._load (node:internal/modules/cjs/loader:922:12)

ROOT_ERROR:
SyntaxError: Expected Table Group, comment, end of input, enum, project, references, table, or whitespace but "E" found.
    at peg$buildStructuredError (/usr/local/lib/node_modules/@dbml/cli/node_modules/@dbml/core/lib/parse/dbmlParser.js:1163:12)
    at Object.peg$parse [as parse] (/usr/local/lib/node_modules/@dbml/cli/node_modules/@dbml/core/lib/parse/dbmlParser.js:8164:11)
    at Function.parseDBMLToJSON (/usr/local/lib/node_modules/@dbml/cli/node_modules/@dbml/core/lib/parse/Parser.js:54:37)
    at Function.parse (/usr/local/lib/node_modules/@dbml/cli/node_modules/@dbml/core/lib/parse/Parser.js:81:32)
    at Object._export [as export] (/usr/local/lib/node_modules/@dbml/cli/node_modules/@dbml/core/lib/export/index.js:15:37)
    at /usr/local/lib/node_modules/@dbml/cli/lib/cli/export.js:41:69
    at /usr/local/lib/node_modules/@dbml/cli/lib/cli/utils.js:52:23
    at Array.forEach (<anonymous>)
    at generate (/usr/local/lib/node_modules/@dbml/cli/lib/cli/utils.js:48:14)
    at exportHandler (/usr/local/lib/node_modules/@dbml/cli/lib/cli/export.js:41:27)
{"start":{"offset":91,"line":7,"column":1},"end":{"offset":92,"line":7,"column":2}}

2023-01-10T11:26:56.880Z
SyntaxError: You have a syntax error at "db.dbml" line 87 column 26. Expected "-", "`", "false", "null", "true", [0-9], comment, string, or whitespace but "u" found.
    at /usr/local/lib/node_modules/@dbml/cli/lib/cli/utils.js:55:13
    at Array.forEach (<anonymous>)
    at generate (/usr/local/lib/node_modules/@dbml/cli/lib/cli/utils.js:48:14)
    at exportHandler (/usr/local/lib/node_modules/@dbml/cli/lib/cli/export.js:41:27)
    at Object.dbml2sql (/usr/local/lib/node_modules/@dbml/cli/lib/cli/index.js:27:23)
    at Object.<anonymous> (/usr/local/lib/node_modules/@dbml/cli/bin/dbml2sql.js:4:19)
    at Module._compile (node:internal/modules/cjs/loader:1218:14)
    at Module._extensions..js (node:internal/modules/cjs/loader:1272:10)
    at Module.load (node:internal/modules/cjs/loader:1081:32)
    at Module._load (node:internal/modules/cjs/loader:922:12)

ROOT_ERROR:
SyntaxError: Expected "-", "`", "false", "null", "true", [0-9], comment, string, or whitespace but "u" found.
    at peg$buildStructuredError (/usr/local/lib/node_modules/@dbml/cli/node_modules/@dbml/core/lib/parse/dbmlParser.js:1163:12)
    at Object.peg$parse [as parse] (/usr/local/lib/node_modules/@dbml/cli/node_modules/@dbml/core/lib/parse/dbmlParser.js:8164:11)
    at Function.parseDBMLToJSON (/usr/local/lib/node_modules/@dbml/cli/node_modules/@dbml/core/lib/parse/Parser.js:54:37)
    at Function.parse (/usr/local/lib/node_modules/@dbml/cli/node_modules/@dbml/core/lib/parse/Parser.js:81:32)
    at Object._export [as export] (/usr/local/lib/node_modules/@dbml/cli/node_modules/@dbml/core/lib/export/index.js:15:37)
    at /usr/local/lib/node_modules/@dbml/cli/lib/cli/export.js:41:69
    at /usr/local/lib/node_modules/@dbml/cli/lib/cli/utils.js:52:23
    at Array.forEach (<anonymous>)
    at generate (/usr/local/lib/node_modules/@dbml/cli/lib/cli/utils.js:48:14)
    at exportHandler (/usr/local/lib/node_modules/@dbml/cli/lib/cli/export.js:41:27)
{"start":{"offset":1855,"line":87,"column":26},"end":{"offset":1856,"line":87,"column":27}}

